c:\users\jamie haddow\documents\visual studio 2017\projects\cmpgameweek8\cmp105app\x64\debug\vc141.pdb
c:\users\jamie haddow\documents\visual studio 2017\projects\cmpgameweek8\cmp105app\x64\debug\vc141.idb
c:\users\jamie haddow\documents\visual studio 2017\projects\cmpgameweek8\cmp105app\x64\debug\paddle.obj
c:\users\jamie haddow\documents\visual studio 2017\projects\cmpgameweek8\cmp105app\x64\debug\vector.obj
c:\users\jamie haddow\documents\visual studio 2017\projects\cmpgameweek8\cmp105app\x64\debug\gameobject.obj
c:\users\jamie haddow\documents\visual studio 2017\projects\cmpgameweek8\cmp105app\x64\debug\input.obj
c:\users\jamie haddow\documents\visual studio 2017\projects\cmpgameweek8\cmp105app\x64\debug\collision.obj
c:\users\jamie haddow\documents\visual studio 2017\projects\cmpgameweek8\cmp105app\x64\debug\animation.obj
c:\users\jamie haddow\documents\visual studio 2017\projects\cmpgameweek8\cmp105app\x64\debug\ball.obj
c:\users\jamie haddow\documents\visual studio 2017\projects\cmpgameweek8\cmp105app\x64\debug\player.obj
c:\users\jamie haddow\documents\visual studio 2017\projects\cmpgameweek8\cmp105app\x64\debug\main.obj
c:\users\jamie haddow\documents\visual studio 2017\projects\cmpgameweek8\cmp105app\x64\debug\level.obj
c:\users\jamie haddow\documents\visual studio 2017\projects\cmpgameweek8\cmp105app\x64\debug\bullet.obj
c:\users\jamie haddow\documents\visual studio 2017\projects\cmpgameweek8\cmp105app\x64\debug\asteroidmanager.obj
c:\users\jamie haddow\documents\visual studio 2017\projects\cmpgameweek8\cmp105app\x64\debug\asteroid.obj
c:\users\jamie haddow\documents\visual studio 2017\projects\cmpgameweek8\cmp105app\x64\debug\wallmanager.obj
c:\users\jamie haddow\documents\visual studio 2017\projects\cmpgameweek8\cmp105app\x64\debug\wall.obj
c:\users\jamie haddow\documents\visual studio 2017\projects\cmpgameweek8\cmp105app\x64\debug\bulletmanager.obj
c:\users\jamie haddow\documents\visual studio 2017\projects\cmpgameweek8\cmp105app\x64\debug\enemymanager.obj
c:\users\jamie haddow\documents\visual studio 2017\projects\cmpgameweek8\cmp105app\x64\debug\enemy.obj
c:\users\jamie haddow\documents\visual studio 2017\projects\cmpgameweek8\x64\debug\cmp105app.exe
c:\users\jamie haddow\documents\visual studio 2017\projects\cmpgameweek8\x64\debug\cmp105app.ilk
c:\users\jamie haddow\documents\visual studio 2017\projects\cmpgameweek8\x64\debug\cmp105app.pdb
c:\users\jamie haddow\documents\visual studio 2017\projects\cmpgameweek8\cmp105app\x64\debug\square.obj
c:\users\jamie haddow\documents\visual studio 2017\projects\cmpgameweek8\cmp105app\x64\debug\asteroid.obj.enc
c:\users\jamie haddow\documents\visual studio 2017\projects\cmpgameweek8\cmp105app\x64\debug\asteroidmanager.obj.enc
c:\users\jamie haddow\documents\visual studio 2017\projects\cmpgameweek8\cmp105app\x64\debug\level.obj.enc
c:\users\jamie haddow\documents\visual studio 2017\projects\cmpgameweek8\cmp105app\x64\debug\wallmanager.obj.enc
c:\users\jamie haddow\documents\visual studio 2017\projects\cmpgameweek8\cmp105app\x64\debug\cmp105app.tlog\cl.command.1.tlog
c:\users\jamie haddow\documents\visual studio 2017\projects\cmpgameweek8\cmp105app\x64\debug\cmp105app.tlog\cl.read.1.tlog
c:\users\jamie haddow\documents\visual studio 2017\projects\cmpgameweek8\cmp105app\x64\debug\cmp105app.tlog\cl.write.1.tlog
c:\users\jamie haddow\documents\visual studio 2017\projects\cmpgameweek8\cmp105app\x64\debug\cmp105app.tlog\link.command.1.tlog
c:\users\jamie haddow\documents\visual studio 2017\projects\cmpgameweek8\cmp105app\x64\debug\cmp105app.tlog\link.read.1.tlog
c:\users\jamie haddow\documents\visual studio 2017\projects\cmpgameweek8\cmp105app\x64\debug\cmp105app.tlog\link.write.1.tlog
