  Asteroid.cpp
  AsteroidManager.cpp
c:\users\jamie haddow\documents\github\cgadius\cgadius 0.62\cmp105app\asteroidmanager.cpp(150): warning C4244: 'argument': conversion from 'double' to 'float', possible loss of data
  Bullet.cpp
  BulletManager.cpp
c:\users\jamie haddow\documents\github\cgadius\cgadius 0.62\cmp105app\bulletmanager.cpp(60): warning C4390: ';': empty controlled statement found; is this the intent?
  Enemy.cpp
  EnemyManager.cpp
  Animation.cpp
  AudioManager.cpp
  Collision.cpp
  GameState.cpp
  Input.cpp
  GameObject.cpp
  MusicObject.cpp
  SoundObject.cpp
  Vector.cpp
  Level.cpp
  Main.cpp
  Menu.cpp
  Player.cpp
c:\users\jamie haddow\documents\github\cgadius\cgadius 0.62\cmp105app\player.cpp(130): warning C4244: '=': conversion from 'double' to 'float', possible loss of data
c:\users\jamie haddow\documents\github\cgadius\cgadius 0.62\cmp105app\player.cpp(131): warning C4244: '=': conversion from 'double' to 'float', possible loss of data
c:\users\jamie haddow\documents\github\cgadius\cgadius 0.62\cmp105app\player.cpp(132): warning C4244: '=': conversion from 'double' to 'float', possible loss of data
c:\users\jamie haddow\documents\github\cgadius\cgadius 0.62\cmp105app\player.cpp(133): warning C4244: '=': conversion from 'double' to 'float', possible loss of data
c:\users\jamie haddow\documents\github\cgadius\cgadius 0.62\cmp105app\player.cpp(189): warning C4244: '=': conversion from 'double' to 'float', possible loss of data
c:\users\jamie haddow\documents\github\cgadius\cgadius 0.62\cmp105app\player.cpp(190): warning C4244: '=': conversion from 'double' to 'float', possible loss of data
c:\users\jamie haddow\documents\github\cgadius\cgadius 0.62\cmp105app\player.cpp(191): warning C4244: '=': conversion from 'double' to 'float', possible loss of data
c:\users\jamie haddow\documents\github\cgadius\cgadius 0.62\cmp105app\player.cpp(192): warning C4244: '=': conversion from 'double' to 'float', possible loss of data
  Wall.cpp
  Generating Code...
  Compiling...
  WallManager.cpp
  Generating Code...
  CMP105App.vcxproj -> C:\Users\Jamie Haddow\Documents\GitHub\Cgadius\Cgadius 0.62\x64\Debug\CMP105App.exe
